Using pre-set license
Built from '2021.3/staging' branch; Version is '2021.3.18f1 (3129e69bc0c7) revision 3221990'; Using compiler version '192829333'; Build Type 'Release'
OS: 'Windows 10  (10.0.19044) 64bit Core' Language: 'en' Physical Memory: 16291 MB
BatchMode: 1, IsHumanControllingUs: 0, StartBugReporterOnCrash: 0, Is64bit: 1, IsPro: 1

COMMAND LINE ARGUMENTS:
C:\Program Files\Unity\Hub\Editor\2021.3.18f1\Editor\Unity.exe
-adb2
-batchMode
-noUpm
-name
AssetImportWorker2
-projectPath
D:/ProefVanBekwaamheid/Linx-Game/Linx_PVB
-logFile
Logs/AssetImportWorker2.log
-srvPort
56753
Successfully changed project path to: D:/ProefVanBekwaamheid/Linx-Game/Linx_PVB
D:/ProefVanBekwaamheid/Linx-Game/Linx_PVB
[UnityMemory] Configuration Parameters - Can be set up in boot.config
    "memorysetup-bucket-allocator-granularity=16"
    "memorysetup-bucket-allocator-bucket-count=8"
    "memorysetup-bucket-allocator-block-size=33554432"
    "memorysetup-bucket-allocator-block-count=8"
    "memorysetup-main-allocator-block-size=16777216"
    "memorysetup-thread-allocator-block-size=16777216"
    "memorysetup-gfx-main-allocator-block-size=16777216"
    "memorysetup-gfx-thread-allocator-block-size=16777216"
    "memorysetup-cache-allocator-block-size=4194304"
    "memorysetup-typetree-allocator-block-size=2097152"
    "memorysetup-profiler-bucket-allocator-granularity=16"
    "memorysetup-profiler-bucket-allocator-bucket-count=8"
    "memorysetup-profiler-bucket-allocator-block-size=33554432"
    "memorysetup-profiler-bucket-allocator-block-count=8"
    "memorysetup-profiler-allocator-block-size=16777216"
    "memorysetup-profiler-editor-allocator-block-size=1048576"
    "memorysetup-temp-allocator-size-main=16777216"
    "memorysetup-job-temp-allocator-block-size=2097152"
    "memorysetup-job-temp-allocator-block-size-background=1048576"
    "memorysetup-job-temp-allocator-reduction-small-platforms=262144"
    "memorysetup-temp-allocator-size-background-worker=32768"
    "memorysetup-temp-allocator-size-job-worker=262144"
    "memorysetup-temp-allocator-size-preload-manager=33554432"
    "memorysetup-temp-allocator-size-nav-mesh-worker=65536"
    "memorysetup-temp-allocator-size-audio-worker=65536"
    "memorysetup-temp-allocator-size-cloud-worker=32768"
    "memorysetup-temp-allocator-size-gi-baking-worker=262144"
    "memorysetup-temp-allocator-size-gfx=262144"
Player connection [7668] Host "[IP] 10.120.11.24 [Port] 0 [Flags] 2 [Guid] 2302580704 [EditorId] 2302580704 [Version] 1048832 [Id] WindowsEditor(7,LAPTOP-FRK5K8N2) [Debug] 1 [PackageName] WindowsEditor [ProjectName] Editor" joined multi-casting on [225.0.0.222:54997]...

Player connection [7668] Host "[IP] 10.120.11.24 [Port] 0 [Flags] 2 [Guid] 2302580704 [EditorId] 2302580704 [Version] 1048832 [Id] WindowsEditor(7,LAPTOP-FRK5K8N2) [Debug] 1 [PackageName] WindowsEditor [ProjectName] Editor" joined alternative multi-casting on [225.0.0.222:34997]...

Refreshing native plugins compatible for Editor in 85.82 ms, found 3 plugins.
Preloading 0 native plugins for Editor in 0.00 ms.
Initialize engine version: 2021.3.18f1 (3129e69bc0c7)
[Subsystems] Discovering subsystems at path C:/Program Files/Unity/Hub/Editor/2021.3.18f1/Editor/Data/Resources/UnitySubsystems
[Subsystems] Discovering subsystems at path D:/ProefVanBekwaamheid/Linx-Game/Linx_PVB/Assets
GfxDevice: creating device client; threaded=0; jobified=0
Direct3D:
    Version:  Direct3D 11.0 [level 11.1]
    Renderer: NVIDIA GeForce RTX 2060 (ID=0x1f15)
    Vendor:   NVIDIA
    VRAM:     5968 MB
    Driver:   31.0.15.2802
Initialize mono
Mono path[0] = 'C:/Program Files/Unity/Hub/Editor/2021.3.18f1/Editor/Data/Managed'
Mono path[1] = 'C:/Program Files/Unity/Hub/Editor/2021.3.18f1/Editor/Data/MonoBleedingEdge/lib/mono/unityjit-win32'
Mono config path = 'C:/Program Files/Unity/Hub/Editor/2021.3.18f1/Editor/Data/MonoBleedingEdge/etc'
Using monoOptions --debugger-agent=transport=dt_socket,embedding=1,server=y,suspend=n,address=127.0.0.1:56060
Begin MonoManager ReloadAssembly
Registering precompiled unity dll's ...
Register platform support module: C:/Program Files/Unity/Hub/Editor/2021.3.18f1/Editor/Data/PlaybackEngines/AndroidPlayer/UnityEditor.Android.Extensions.dll
Register platform support module: C:/Program Files/Unity/Hub/Editor/2021.3.18f1/Editor/Data/PlaybackEngines/WindowsStandaloneSupport/UnityEditor.WindowsStandalone.Extensions.dll
Registered in 0.007024 seconds.
Native extension for WindowsStandalone target not found
Native extension for Android target not found
Android Extension - Scanning For ADB Devices 210 ms
Refreshing native plugins compatible for Editor in 86.17 ms, found 3 plugins.
Preloading 0 native plugins for Editor in 0.00 ms.
Mono: successfully reloaded assembly
- Completed reload, in  0.806 seconds
Domain Reload Profiling:
	ReloadAssembly (806ms)
		BeginReloadAssembly (62ms)
			ExecutionOrderSort (0ms)
			DisableScriptedObjects (0ms)
			BackupInstance (0ms)
			ReleaseScriptingObjects (0ms)
			CreateAndSetChildDomain (1ms)
		EndReloadAssembly (645ms)
			LoadAssemblies (60ms)
			RebuildTransferFunctionScriptingTraits (0ms)
			SetupTypeCache (97ms)
			ReleaseScriptCaches (0ms)
			RebuildScriptCaches (24ms)
			SetupLoadedEditorAssemblies (480ms)
				LogAssemblyErrors (0ms)
				InitializePlatformSupportModulesInManaged (285ms)
				SetLoadedEditorAssemblies (0ms)
				RefreshPlugins (86ms)
				BeforeProcessingInitializeOnLoad (1ms)
				ProcessInitializeOnLoadAttributes (74ms)
				ProcessInitializeOnLoadMethodAttributes (34ms)
				AfterProcessingInitializeOnLoad (0ms)
				EditorAssembliesLoaded (0ms)
			ExecutionOrderSort2 (0ms)
			AwakeInstancesAfterBackupRestoration (0ms)
Platform modules already initialized, skipping
Registering precompiled user dll's ...
Registered in 0.004749 seconds.
Begin MonoManager ReloadAssembly
Symbol file LoadedFromMemory doesn't match image D:\ProefVanBekwaamheid\Linx-Game\Linx_PVB\Library\PackageCache\com.unity.visualscripting@1.8.0\Editor\VisualScripting.Core\Dependencies\YamlDotNet\Unity.VisualScripting.YamlDotNet.dll
Symbol file LoadedFromMemory doesn't match image D:\ProefVanBekwaamheid\Linx-Game\Linx_PVB\Library\PackageCache\com.unity.visualscripting@1.8.0\Editor\VisualScripting.Core\Dependencies\DotNetZip\Unity.VisualScripting.IonicZip.dll
Native extension for WindowsStandalone target not found
Native extension for Android target not found
Refreshing native plugins compatible for Editor in 87.79 ms, found 3 plugins.
Preloading 0 native plugins for Editor in 0.00 ms.
Mono: successfully reloaded assembly
- Completed reload, in  1.060 seconds
Domain Reload Profiling:
	ReloadAssembly (1061ms)
		BeginReloadAssembly (95ms)
			ExecutionOrderSort (0ms)
			DisableScriptedObjects (5ms)
			BackupInstance (0ms)
			ReleaseScriptingObjects (0ms)
			CreateAndSetChildDomain (16ms)
		EndReloadAssembly (863ms)
			LoadAssemblies (70ms)
			RebuildTransferFunctionScriptingTraits (0ms)
			SetupTypeCache (236ms)
			ReleaseScriptCaches (1ms)
			RebuildScriptCaches (49ms)
			SetupLoadedEditorAssemblies (458ms)
				LogAssemblyErrors (0ms)
				InitializePlatformSupportModulesInManaged (14ms)
				SetLoadedEditorAssemblies (0ms)
				RefreshPlugins (88ms)
				BeforeProcessingInitializeOnLoad (87ms)
				ProcessInitializeOnLoadAttributes (193ms)
				ProcessInitializeOnLoadMethodAttributes (67ms)
				AfterProcessingInitializeOnLoad (8ms)
				EditorAssembliesLoaded (0ms)
			ExecutionOrderSort2 (0ms)
			AwakeInstancesAfterBackupRestoration (5ms)
Platform modules already initialized, skipping
========================================================================
Worker process is ready to serve import requests
Launched and connected shader compiler UnityShaderCompiler.exe after 0.05 seconds
Refreshing native plugins compatible for Editor in 1.19 ms, found 3 plugins.
Preloading 0 native plugins for Editor in 0.00 ms.
Unloading 4705 Unused Serialized files (Serialized files now loaded: 0)
Unloading 41 unused Assets / (1.1 MB). Loaded Objects now: 5151.
Memory consumption went from 188.9 MB to 187.7 MB.
Total: 4.087900 ms (FindLiveObjects: 0.400200 ms CreateObjectMapping: 0.355200 ms MarkObjects: 2.921400 ms  DeleteObjects: 0.409900 ms)

AssetImportParameters requested are different than current active one (requested -> active):
  custom:video-decoder-ogg-theora: a1e56fd34408186e4bbccfd4996cb3dc -> 
  custom:container-muxer-webm: aa71ff27fc2769a1b78a27578f13a17b -> 
  custom:container-demuxer-webm: 4f35f7cbe854078d1ac9338744f61a02 -> 
  custom:video-encoder-webm-vp8: eb34c28f22e8b96e1ab97ce403110664 -> 
  custom:video-codec-MediaFoundation-h265: 746d11721c4dcdbdad8f713fa42b33f4 -> 
  custom:audio-encoder-webm-vorbis: bf7c407c2cedff20999df2af8eb42d56 -> 
  custom:framework-win-MediaFoundation: 216162199b28c13a410421893ffa2e32 -> 
  custom:container-demuxer-ogg: 62fdf1f143b41e24485cea50d1cbac27 -> 
  custom:video-decoder-webm-vp8: 9c59270c3fd7afecdb556c50c9e8de78 -> 
  custom:audio-decoder-ogg-vorbis: bf7c407c2cedff20999df2af8eb42d56 -> 
========================================================================
Received Import Request.
  Time since last request: 229365.261041 seconds.
  path: Assets/TutorialInfo/Icons/URP.png
  artifactKey: Guid(727a75301c3d24613a3ebcec4a24c2c8) Importer(815301076,1909f56bfc062723c751e8b465ee728b)
Start importing Assets/TutorialInfo/Icons/URP.png using Guid(727a75301c3d24613a3ebcec4a24c2c8) Importer(815301076,1909f56bfc062723c751e8b465ee728b)  -> (artifact id: '34cf77ab4a0bab1a527709d62041b4be') in 0.107558 seconds 
========================================================================
Received Prepare
Registering precompiled user dll's ...
Registered in 0.005056 seconds.
Begin MonoManager ReloadAssembly
Symbol file LoadedFromMemory doesn't match image D:\ProefVanBekwaamheid\Linx-Game\Linx_PVB\Library\PackageCache\com.unity.visualscripting@1.8.0\Editor\VisualScripting.Core\Dependencies\YamlDotNet\Unity.VisualScripting.YamlDotNet.dll
Symbol file LoadedFromMemory doesn't match image D:\ProefVanBekwaamheid\Linx-Game\Linx_PVB\Library\PackageCache\com.unity.visualscripting@1.8.0\Editor\VisualScripting.Core\Dependencies\DotNetZip\Unity.VisualScripting.IonicZip.dll
Native extension for WindowsStandalone target not found
Native extension for Android target not found
Refreshing native plugins compatible for Editor in 0.66 ms, found 3 plugins.
Preloading 0 native plugins for Editor in 0.00 ms.
Mono: successfully reloaded assembly
- Completed reload, in  1.043 seconds
Domain Reload Profiling:
	ReloadAssembly (1043ms)
		BeginReloadAssembly (134ms)
			ExecutionOrderSort (0ms)
			DisableScriptedObjects (5ms)
			BackupInstance (0ms)
			ReleaseScriptingObjects (0ms)
			CreateAndSetChildDomain (35ms)
		EndReloadAssembly (800ms)
			LoadAssemblies (87ms)
			RebuildTransferFunctionScriptingTraits (0ms)
			SetupTypeCache (273ms)
			ReleaseScriptCaches (1ms)
			RebuildScriptCaches (39ms)
			SetupLoadedEditorAssemblies (347ms)
				LogAssemblyErrors (0ms)
				InitializePlatformSupportModulesInManaged (22ms)
				SetLoadedEditorAssemblies (0ms)
				RefreshPlugins (1ms)
				BeforeProcessingInitializeOnLoad (68ms)
				ProcessInitializeOnLoadAttributes (174ms)
				ProcessInitializeOnLoadMethodAttributes (72ms)
				AfterProcessingInitializeOnLoad (9ms)
				EditorAssembliesLoaded (0ms)
			ExecutionOrderSort2 (0ms)
			AwakeInstancesAfterBackupRestoration (13ms)
Platform modules already initialized, skipping
Refreshing native plugins compatible for Editor in 1.55 ms, found 3 plugins.
Preloading 0 native plugins for Editor in 0.00 ms.
Unloading 4589 Unused Serialized files (Serialized files now loaded: 0)
Unloading 35 unused Assets / (1.1 MB). Loaded Objects now: 5156.
Memory consumption went from 180.6 MB to 179.6 MB.
Total: 3.317700 ms (FindLiveObjects: 0.296000 ms CreateObjectMapping: 0.231100 ms MarkObjects: 2.372800 ms  DeleteObjects: 0.417000 ms)

AssetImportParameters requested are different than current active one (requested -> active):
  custom:video-decoder-ogg-theora: a1e56fd34408186e4bbccfd4996cb3dc -> 
  custom:container-muxer-webm: aa71ff27fc2769a1b78a27578f13a17b -> 
  custom:container-demuxer-webm: 4f35f7cbe854078d1ac9338744f61a02 -> 
  custom:video-encoder-webm-vp8: eb34c28f22e8b96e1ab97ce403110664 -> 
  custom:video-codec-MediaFoundation-h265: 746d11721c4dcdbdad8f713fa42b33f4 -> 
  custom:audio-encoder-webm-vorbis: bf7c407c2cedff20999df2af8eb42d56 -> 
  custom:framework-win-MediaFoundation: 216162199b28c13a410421893ffa2e32 -> 
  custom:container-demuxer-ogg: 62fdf1f143b41e24485cea50d1cbac27 -> 
  custom:video-decoder-webm-vp8: 9c59270c3fd7afecdb556c50c9e8de78 -> 
  custom:audio-decoder-ogg-vorbis: bf7c407c2cedff20999df2af8eb42d56 -> 
========================================================================
Received Import Request.
  Time since last request: 15.941147 seconds.
  path: Assets/Scenes/SampleScene.unity
  artifactKey: Guid(99c9720ab356a0642a771bea13969a05) Importer(815301076,1909f56bfc062723c751e8b465ee728b)
Start importing Assets/Scenes/SampleScene.unity using Guid(99c9720ab356a0642a771bea13969a05) Importer(815301076,1909f56bfc062723c751e8b465ee728b)  -> (artifact id: '900c85dbde05255071306cdd4e1442c5') in 0.040752 seconds 
========================================================================
Received Import Request.
  Time since last request: 4.970208 seconds.
  path: Assets/Scenes/Main.unity
  artifactKey: Guid(99c9720ab356a0642a771bea13969a05) Importer(815301076,1909f56bfc062723c751e8b465ee728b)
Start importing Assets/Scenes/Main.unity using Guid(99c9720ab356a0642a771bea13969a05) Importer(815301076,1909f56bfc062723c751e8b465ee728b)  -> (artifact id: '6624dd6f0c8317aa50ba658b567a9582') in 0.009227 seconds 
========================================================================
Received Import Request.
  Time since last request: 76.975648 seconds.
  path: Assets/Scenes/Basic Scene.unity
  artifactKey: Guid(99c9720ab356a0642a771bea13969a05) Importer(815301076,1909f56bfc062723c751e8b465ee728b)
Start importing Assets/Scenes/Basic Scene.unity using Guid(99c9720ab356a0642a771bea13969a05) Importer(815301076,1909f56bfc062723c751e8b465ee728b)  -> (artifact id: '95b55c16acf5692edfc72dda17e3f9cd') in 0.013218 seconds 
========================================================================
Received Import Request.
  Time since last request: 12.832328 seconds.
  path: Assets/Scenes/Basic_Scene.unity
  artifactKey: Guid(99c9720ab356a0642a771bea13969a05) Importer(815301076,1909f56bfc062723c751e8b465ee728b)
Start importing Assets/Scenes/Basic_Scene.unity using Guid(99c9720ab356a0642a771bea13969a05) Importer(815301076,1909f56bfc062723c751e8b465ee728b)  -> (artifact id: 'a5d9e7236d6f66060b8a8aedffa7ed57') in 0.006224 seconds 
========================================================================
Received Import Request.
  Time since last request: 10.490711 seconds.
  path: Assets
  artifactKey: Guid(00000000000000001000000000000000) Importer(815301076,1909f56bfc062723c751e8b465ee728b)
Start importing Assets using Guid(00000000000000001000000000000000) Importer(815301076,1909f56bfc062723c751e8b465ee728b)  -> (artifact id: '79842766b460edbeab6a34051e857a80') in 0.026091 seconds 
========================================================================
Received Import Request.
  Time since last request: 12.036259 seconds.
  path: Assets/Art
  artifactKey: Guid(05a1bed356785b54db8b6a627ae9e300) Importer(815301076,1909f56bfc062723c751e8b465ee728b)
Start importing Assets/Art using Guid(05a1bed356785b54db8b6a627ae9e300) Importer(815301076,1909f56bfc062723c751e8b465ee728b)  -> (artifact id: 'acb3ef20aeacaa6def860b8420648844') in 0.018556 seconds 
========================================================================
Received Import Request.
  Time since last request: 6.305474 seconds.
  path: Assets/Scripts
  artifactKey: Guid(c9992721656033943a5d6359b9a747b8) Importer(815301076,1909f56bfc062723c751e8b465ee728b)
Start importing Assets/Scripts using Guid(c9992721656033943a5d6359b9a747b8) Importer(815301076,1909f56bfc062723c751e8b465ee728b)  -> (artifact id: 'c37f489a7c5f812584d88c0d0138c579') in 0.006806 seconds 
========================================================================
Received Import Request.
  Time since last request: 201.027956 seconds.
  path: Assets/Settings
  artifactKey: Guid(709f11a7f3c4041caa4ef136ea32d874) Importer(815301076,1909f56bfc062723c751e8b465ee728b)
Start importing Assets/Settings using Guid(709f11a7f3c4041caa4ef136ea32d874) Importer(815301076,1909f56bfc062723c751e8b465ee728b)  -> (artifact id: 'dfaa9b38051423c63420310940c3f677') in 0.010785 seconds 
========================================================================
Received Import Request.
  Time since last request: 18.143783 seconds.
  path: Assets/Settings/URP Renderer
  artifactKey: Guid(9b6caafcfd4982f4d843a6cab22d230b) Importer(815301076,1909f56bfc062723c751e8b465ee728b)
Start importing Assets/Settings/URP Renderer using Guid(9b6caafcfd4982f4d843a6cab22d230b) Importer(815301076,1909f56bfc062723c751e8b465ee728b)  -> (artifact id: 'e7ff1cb82da5e2ace03877fa12294688') in 0.013595 seconds 
========================================================================
Received Import Request.
  Time since last request: 30.506096 seconds.
  path: Assets/Settings/Basic Scene Profile.asset
  artifactKey: Guid(a6560a915ef98420e9faacc1c7438823) Importer(815301076,1909f56bfc062723c751e8b465ee728b)
Start importing Assets/Settings/Basic Scene Profile.asset using Guid(a6560a915ef98420e9faacc1c7438823) Importer(815301076,1909f56bfc062723c751e8b465ee728b)  -> (artifact id: 'a312490c262a8a32b682dc754f1f7d03') in 0.022111 seconds 
========================================================================
Received Import Request.
  Time since last request: 6.531269 seconds.
  path: Assets/Scenes
  artifactKey: Guid(9c53962885c2c4f449125a979d6ad240) Importer(815301076,1909f56bfc062723c751e8b465ee728b)
Start importing Assets/Scenes using Guid(9c53962885c2c4f449125a979d6ad240) Importer(815301076,1909f56bfc062723c751e8b465ee728b)  -> (artifact id: '7f1480ff4af096e12daf936c2b57b168') in 0.006723 seconds 
========================================================================
Received Import Request.
  Time since last request: 36.415011 seconds.
  path: Assets/Scenes/Basic_Scene
  artifactKey: Guid(4da98cee482a85841b2fd2a29936bc94) Importer(815301076,1909f56bfc062723c751e8b465ee728b)
Start importing Assets/Scenes/Basic_Scene using Guid(4da98cee482a85841b2fd2a29936bc94) Importer(815301076,1909f56bfc062723c751e8b465ee728b)  -> (artifact id: '16f5cc53c45dd3153fc5071047704363') in 0.007499 seconds 
========================================================================
Received Import Request.
  Time since last request: 38.318966 seconds.
  path: Assets/Settings/URP Assets
  artifactKey: Guid(bd375e435bfb83242bbb6813939f73f1) Importer(815301076,1909f56bfc062723c751e8b465ee728b)
Start importing Assets/Settings/URP Assets using Guid(bd375e435bfb83242bbb6813939f73f1) Importer(815301076,1909f56bfc062723c751e8b465ee728b)  -> (artifact id: '6d1659fea68b0d9ebd14523c15ba9f70') in 0.016173 seconds 
========================================================================
Received Import Request.
  Time since last request: 12.260988 seconds.
  path: Assets/Settings/URP
  artifactKey: Guid(62e3e270a7bf60440a0f23e76347ec23) Importer(815301076,1909f56bfc062723c751e8b465ee728b)
Start importing Assets/Settings/URP using Guid(62e3e270a7bf60440a0f23e76347ec23) Importer(815301076,1909f56bfc062723c751e8b465ee728b)  -> (artifact id: 'eec6feb82cbdd405d50ed11cfcd54b6f') in 0.006996 seconds 
========================================================================
Received Import Request.
  Time since last request: 69.207204 seconds.
  path: Assets/Art/Matrials
  artifactKey: Guid(2661be97675c72e48a8b2a5f8b091059) Importer(815301076,1909f56bfc062723c751e8b465ee728b)
Start importing Assets/Art/Matrials using Guid(2661be97675c72e48a8b2a5f8b091059) Importer(815301076,1909f56bfc062723c751e8b465ee728b)  -> (artifact id: 'fbefde7804ee3e7331c6be7392864d7d') in 0.006513 seconds 
========================================================================
Received Import Request.
  Time since last request: 7.519397 seconds.
  path: Assets/Art/Models
  artifactKey: Guid(6e3ae2e36dd2d0041bf31b3264948a87) Importer(815301076,1909f56bfc062723c751e8b465ee728b)
Start importing Assets/Art/Models using Guid(6e3ae2e36dd2d0041bf31b3264948a87) Importer(815301076,1909f56bfc062723c751e8b465ee728b)  -> (artifact id: 'b9a3036cfa227178dfba290e826a5fbb') in 0.008508 seconds 
========================================================================
Received Import Request.
  Time since last request: 6.915003 seconds.
  path: Assets/Art/Music
  artifactKey: Guid(f27d90937576e30489907aaf41d7b658) Importer(815301076,1909f56bfc062723c751e8b465ee728b)
Start importing Assets/Art/Music using Guid(f27d90937576e30489907aaf41d7b658) Importer(815301076,1909f56bfc062723c751e8b465ee728b)  -> (artifact id: '3eedd56c6756e7fc75407fe2f220c76d') in 0.008743 seconds 
========================================================================
Received Import Request.
  Time since last request: 10.240590 seconds.
  path: Assets/Art/Prefabs
  artifactKey: Guid(00d52decfccd83c4fbc37c11f2d30657) Importer(815301076,1909f56bfc062723c751e8b465ee728b)
Start importing Assets/Art/Prefabs using Guid(00d52decfccd83c4fbc37c11f2d30657) Importer(815301076,1909f56bfc062723c751e8b465ee728b)  -> (artifact id: 'e4901f304802e20934cf130998444715') in 0.013677 seconds 
========================================================================
Received Import Request.
  Time since last request: 12.100508 seconds.
  path: Assets/Art/Sounds
  artifactKey: Guid(e1d457a58215b3f42930b3e6784d7296) Importer(815301076,1909f56bfc062723c751e8b465ee728b)
Start importing Assets/Art/Sounds using Guid(e1d457a58215b3f42930b3e6784d7296) Importer(815301076,1909f56bfc062723c751e8b465ee728b)  -> (artifact id: '6b16212a2095021ef428fb1fe08a0df8') in 0.006869 seconds 
========================================================================
Received Import Request.
  Time since last request: 11.866540 seconds.
  path: Assets/Art/Texures
  artifactKey: Guid(57b3f21453f97ae44a7850c9f0c2b8de) Importer(815301076,1909f56bfc062723c751e8b465ee728b)
Start importing Assets/Art/Texures using Guid(57b3f21453f97ae44a7850c9f0c2b8de) Importer(815301076,1909f56bfc062723c751e8b465ee728b)  -> (artifact id: '48cff89a01ea89e64b9bd4f4922e60bc') in 0.012815 seconds 
========================================================================
Received Import Request.
  Time since last request: 7.109610 seconds.
  path: Assets/Art/UI
  artifactKey: Guid(b7d94c739791bba429cb3de5d2648c42) Importer(815301076,1909f56bfc062723c751e8b465ee728b)
Start importing Assets/Art/UI using Guid(b7d94c739791bba429cb3de5d2648c42) Importer(815301076,1909f56bfc062723c751e8b465ee728b)  -> (artifact id: '38053b124dc70eb74154aeb3e3c6ac7d') in 0.006809 seconds 
========================================================================
Received Import Request.
  Time since last request: 32.292787 seconds.
  path: Assets/Art/Animations
  artifactKey: Guid(377080591cd2a88469554be1447e50c3) Importer(815301076,1909f56bfc062723c751e8b465ee728b)
Start importing Assets/Art/Animations using Guid(377080591cd2a88469554be1447e50c3) Importer(815301076,1909f56bfc062723c751e8b465ee728b)  -> (artifact id: '6a2544969e617cdb0e483bbb8564ada4') in 0.006897 seconds 
========================================================================
Received Import Request.
  Time since last request: 9.515123 seconds.
  path: Assets/Art/Audio
  artifactKey: Guid(d00f3f0fe878fd74abe248d8e44789f5) Importer(815301076,1909f56bfc062723c751e8b465ee728b)
Start importing Assets/Art/Audio using Guid(d00f3f0fe878fd74abe248d8e44789f5) Importer(815301076,1909f56bfc062723c751e8b465ee728b)  -> (artifact id: '1b1ffe61ffeea29cf1086199ed5e1ba6') in 0.139716 seconds 
========================================================================
Received Import Request.
  Time since last request: 19.057292 seconds.
  path: Assets/Art/Materials
  artifactKey: Guid(2661be97675c72e48a8b2a5f8b091059) Importer(815301076,1909f56bfc062723c751e8b465ee728b)
Start importing Assets/Art/Materials using Guid(2661be97675c72e48a8b2a5f8b091059) Importer(815301076,1909f56bfc062723c751e8b465ee728b)  -> (artifact id: 'ff784100993ac3590357ee48fd746fd9') in 0.114196 seconds 
========================================================================
Received Import Request.
  Time since last request: 160.450192 seconds.
  path: Assets/Code
  artifactKey: Guid(068f7679a72e9f749979e668c60cf455) Importer(815301076,1909f56bfc062723c751e8b465ee728b)
Start importing Assets/Code using Guid(068f7679a72e9f749979e668c60cf455) Importer(815301076,1909f56bfc062723c751e8b465ee728b)  -> (artifact id: 'eabb8caf168117a8cab74f82d0f5c3e2') in 0.008849 seconds 
========================================================================
Received Import Request.
  Time since last request: 5.487253 seconds.
  path: Assets/Shaders
  artifactKey: Guid(5d1cfd35dd2bd4e48a77f3b53ef2eef1) Importer(815301076,1909f56bfc062723c751e8b465ee728b)
Start importing Assets/Shaders using Guid(5d1cfd35dd2bd4e48a77f3b53ef2eef1) Importer(815301076,1909f56bfc062723c751e8b465ee728b)  -> (artifact id: '5f4bc41b1251d90accf96df270bdd06a') in 0.006248 seconds 
========================================================================
Received Import Request.
  Time since last request: 56.695438 seconds.
  path: Assets/Scenes/Levels
  artifactKey: Guid(d8a3f605eac74f34c986c705e44dcb85) Importer(815301076,1909f56bfc062723c751e8b465ee728b)
Start importing Assets/Scenes/Levels using Guid(d8a3f605eac74f34c986c705e44dcb85) Importer(815301076,1909f56bfc062723c751e8b465ee728b)  -> (artifact id: '95b5423c9f7f080d54d733d2b36d6a64') in 0.007899 seconds 
